<?xml version="1.0" encoding="utf-8"?><testsuites name="pytest tests"><testsuite name="pytest" errors="0" failures="0" skipped="0" tests="10" time="1.757" timestamp="2026-04-05T17:24:25.481271+00:00" hostname="agent-env-30437079-37e2-4c2b-a44b-572a788c5019"><testcase classname="backend.tests.test_api.TestHealthEndpoint" name="test_api_root_returns_live_status" time="0.170" /><testcase classname="backend.tests.test_api.TestContactEndpoint" name="test_contact_submission_success" time="0.224" /><testcase classname="backend.tests.test_api.TestContactEndpoint" name="test_contact_submission_minimal_required_fields" time="0.129" /><testcase classname="backend.tests.test_api.TestContactEndpoint" name="test_contact_submission_missing_required_field" time="0.113" /><testcase classname="backend.tests.test_api.TestAuditEndpoint" name="test_audit_submission_success" time="0.294" /><testcase classname="backend.tests.test_api.TestAuditEndpoint" name="test_audit_submission_missing_website" time="0.144" /><testcase classname="backend.tests.test_api.TestNewsletterEndpoint" name="test_newsletter_subscription_success" time="0.251" /><testcase classname="backend.tests.test_api.TestNewsletterEndpoint" name="test_newsletter_subscription_missing_email" time="0.101" /><testcase classname="backend.tests.test_api.TestLeadsEndpoint" name="test_get_leads_returns_list" time="0.114" /><testcase classname="backend.tests.test_api.TestNewsletterSubscribersEndpoint" name="test_get_subscribers_returns_list" time="0.110" /></testsuite></testsuites>